build/app/intermediates/manifest_merge_blame_file/release/processReleaseMainManifest/manifest-merger-blame-release-report.txt
1<?xml version="1.0" encoding="utf-8"?>
2<manifest xmlns:android="http://schemas.android.com/apk/res/android"
3    package="com.example.pokemon_app"
4    android:versionCode="1"
5    android:versionName="1.0.0" >
6
7    <uses-sdk
8        android:minSdkVersion="23"
9        android:targetSdkVersion="35" />
10
11    <uses-permission android:name="android.permission.INTERNET" />
11-->src\main\AndroidManifest.xml:2:5-66
11-->src\main\AndroidManifest.xml:2:22-64
12    <uses-permission
12-->src\main\AndroidManifest.xml:3:5-107
13        android:name="android.permission.WRITE_EXTERNAL_STORAGE"
13-->src\main\AndroidManifest.xml:3:22-78
14        android:maxSdkVersion="28" />
14-->src\main\AndroidManifest.xml:3:79-105
15    <uses-permission android:name="android.permission.READ_EXTERNAL_STORAGE" />
15-->src\main\AndroidManifest.xml:4:5-79
15-->src\main\AndroidManifest.xml:4:22-77
16    <!--
17         Required to query activities that can process text, see:
18         https://developer.android.com/training/package-visibility and
19         https://developer.android.com/reference/android/content/Intent#ACTION_PROCESS_TEXT.
20
21         In particular, this is used by the Flutter engine in io.flutter.plugin.text.ProcessTextPlugin.
22    -->
23    <queries>
23-->src\main\AndroidManifest.xml:43:5-48:15
24        <intent>
24-->src\main\AndroidManifest.xml:44:9-47:18
25            <action android:name="android.intent.action.PROCESS_TEXT" />
25-->src\main\AndroidManifest.xml:45:13-72
25-->src\main\AndroidManifest.xml:45:21-70
26
27            <data android:mimeType="text/plain" />
27-->src\main\AndroidManifest.xml:46:13-50
27-->src\main\AndroidManifest.xml:46:19-48
28        </intent>
29    </queries>
30
31    <permission
31-->[androidx.core:core:1.13.1] AndroidManifest.xml:22:5-24:47
32        android:name="com.example.pokemon_app.DYNAMIC_RECEIVER_NOT_EXPORTED_PERMISSION"
32-->[androidx.core:core:1.13.1] AndroidManifest.xml:23:9-81
33        android:protectionLevel="signature" />
33-->[androidx.core:core:1.13.1] AndroidManifest.xml:24:9-44
34
35    <uses-permission android:name="com.example.pokemon_app.DYNAMIC_RECEIVER_NOT_EXPORTED_PERMISSION" />
35-->[androidx.core:core:1.13.1] AndroidManifest.xml:26:5-97
35-->[androidx.core:core:1.13.1] AndroidManifest.xml:26:22-94
36
37    <application
38        android:name="android.app.Application"
38-->src\main\AndroidManifest.xml:7:9-42
39        android:appComponentFactory="androidx.core.app.CoreComponentFactory"
39-->[androidx.core:core:1.13.1] AndroidManifest.xml:28:18-86
40        android:extractNativeLibs="false"
41        android:icon="@mipmap/ic_launcher"
41-->src\main\AndroidManifest.xml:8:9-43
42        android:label="pokemon_app"
42-->src\main\AndroidManifest.xml:6:9-36
43        android:requestLegacyExternalStorage="true" >
43-->src\main\AndroidManifest.xml:9:9-52
44        <activity
44-->src\main\AndroidManifest.xml:10:9-31:20
45            android:name="com.example.pokemon_app.MainActivity"
45-->src\main\AndroidManifest.xml:11:13-41
46            android:configChanges="orientation|keyboardHidden|keyboard|screenSize|smallestScreenSize|locale|layoutDirection|fontScale|screenLayout|density|uiMode"
46-->src\main\AndroidManifest.xml:16:13-163
47            android:exported="true"
47-->src\main\AndroidManifest.xml:12:13-36
48            android:hardwareAccelerated="true"
48-->src\main\AndroidManifest.xml:17:13-47
49            android:launchMode="singleTop"
49-->src\main\AndroidManifest.xml:13:13-43
50            android:taskAffinity=""
50-->src\main\AndroidManifest.xml:14:13-36
51            android:theme="@style/LaunchTheme"
51-->src\main\AndroidManifest.xml:15:13-47
52            android:windowSoftInputMode="adjustResize" >
52-->src\main\AndroidManifest.xml:18:13-55
53
54            <!--
55                 Specifies an Android theme to apply to this Activity as soon as
56                 the Android process has started. This theme is visible to the user
57                 while the Flutter UI initializes. After that, this theme continues
58                 to determine the Window background behind the Flutter UI.
59            -->
60            <meta-data
60-->src\main\AndroidManifest.xml:23:13-26:17
61                android:name="io.flutter.embedding.android.NormalTheme"
61-->src\main\AndroidManifest.xml:24:15-70
62                android:resource="@style/NormalTheme" />
62-->src\main\AndroidManifest.xml:25:15-52
63
64            <intent-filter>
64-->src\main\AndroidManifest.xml:27:13-30:29
65                <action android:name="android.intent.action.MAIN" />
65-->src\main\AndroidManifest.xml:28:17-68
65-->src\main\AndroidManifest.xml:28:25-66
66
67                <category android:name="android.intent.category.LAUNCHER" />
67-->src\main\AndroidManifest.xml:29:17-76
67-->src\main\AndroidManifest.xml:29:27-74
68            </intent-filter>
69        </activity>
70        <!--
71             Don't delete the meta-data below.
72             This is used by the Flutter tool to generate GeneratedPluginRegistrant.java
73        -->
74        <meta-data
74-->src\main\AndroidManifest.xml:34:9-36:33
75            android:name="flutterEmbedding"
75-->src\main\AndroidManifest.xml:35:13-44
76            android:value="2" />
76-->src\main\AndroidManifest.xml:36:13-30
77        <!--
78           Declares a provider which allows us to store files to share in
79           '.../caches/share_plus' and grant the receiving action access
80        -->
81        <provider
81-->[:share_plus] AndroidManifest.xml:13:9-21:20
82            android:name="dev.fluttercommunity.plus.share.ShareFileProvider"
82-->[:share_plus] AndroidManifest.xml:14:13-77
83            android:authorities="com.example.pokemon_app.flutter.share_provider"
83-->[:share_plus] AndroidManifest.xml:15:13-74
84            android:exported="false"
84-->[:share_plus] AndroidManifest.xml:16:13-37
85            android:grantUriPermissions="true" >
85-->[:share_plus] AndroidManifest.xml:17:13-47
86            <meta-data
86-->[:share_plus] AndroidManifest.xml:18:13-20:68
87                android:name="android.support.FILE_PROVIDER_PATHS"
87-->[:share_plus] AndroidManifest.xml:19:17-67
88                android:resource="@xml/flutter_share_file_paths" />
88-->[:share_plus] AndroidManifest.xml:20:17-65
89        </provider>
90        <!--
91           This manifest declared broadcast receiver allows us to use an explicit
92           Intent when creating a PendingItent to be informed of the user's choice
93        -->
94        <receiver
94-->[:share_plus] AndroidManifest.xml:26:9-32:20
95            android:name="dev.fluttercommunity.plus.share.SharePlusPendingIntent"
95-->[:share_plus] AndroidManifest.xml:27:13-82
96            android:exported="false" >
96-->[:share_plus] AndroidManifest.xml:28:13-37
97            <intent-filter>
97-->[:share_plus] AndroidManifest.xml:29:13-31:29
98                <action android:name="EXTRA_CHOSEN_COMPONENT" />
98-->[:share_plus] AndroidManifest.xml:30:17-65
98-->[:share_plus] AndroidManifest.xml:30:25-62
99            </intent-filter>
100        </receiver>
101
102        <activity
102-->[:url_launcher_android] AndroidManifest.xml:8:9-11:74
103            android:name="io.flutter.plugins.urllauncher.WebViewActivity"
103-->[:url_launcher_android] AndroidManifest.xml:9:13-74
104            android:exported="false"
104-->[:url_launcher_android] AndroidManifest.xml:10:13-37
105            android:theme="@android:style/Theme.NoTitleBar.Fullscreen" />
105-->[:url_launcher_android] AndroidManifest.xml:11:13-71
106
107        <uses-library
107-->[androidx.window:window:1.2.0] AndroidManifest.xml:23:9-25:40
108            android:name="androidx.window.extensions"
108-->[androidx.window:window:1.2.0] AndroidManifest.xml:24:13-54
109            android:required="false" />
109-->[androidx.window:window:1.2.0] AndroidManifest.xml:25:13-37
110        <uses-library
110-->[androidx.window:window:1.2.0] AndroidManifest.xml:26:9-28:40
111            android:name="androidx.window.sidecar"
111-->[androidx.window:window:1.2.0] AndroidManifest.xml:27:13-51
112            android:required="false" />
112-->[androidx.window:window:1.2.0] AndroidManifest.xml:28:13-37
113
114        <provider
114-->[androidx.lifecycle:lifecycle-process:2.7.0] AndroidManifest.xml:24:9-32:20
115            android:name="androidx.startup.InitializationProvider"
115-->[androidx.lifecycle:lifecycle-process:2.7.0] AndroidManifest.xml:25:13-67
116            android:authorities="com.example.pokemon_app.androidx-startup"
116-->[androidx.lifecycle:lifecycle-process:2.7.0] AndroidManifest.xml:26:13-68
117            android:exported="false" >
117-->[androidx.lifecycle:lifecycle-process:2.7.0] AndroidManifest.xml:27:13-37
118            <meta-data
118-->[androidx.lifecycle:lifecycle-process:2.7.0] AndroidManifest.xml:29:13-31:52
119                android:name="androidx.lifecycle.ProcessLifecycleInitializer"
119-->[androidx.lifecycle:lifecycle-process:2.7.0] AndroidManifest.xml:30:17-78
120                android:value="androidx.startup" />
120-->[androidx.lifecycle:lifecycle-process:2.7.0] AndroidManifest.xml:31:17-49
121            <meta-data
121-->[androidx.profileinstaller:profileinstaller:1.3.1] AndroidManifest.xml:29:13-31:52
122                android:name="androidx.profileinstaller.ProfileInstallerInitializer"
122-->[androidx.profileinstaller:profileinstaller:1.3.1] AndroidManifest.xml:30:17-85
123                android:value="androidx.startup" />
123-->[androidx.profileinstaller:profileinstaller:1.3.1] AndroidManifest.xml:31:17-49
124        </provider>
125
126        <receiver
126-->[androidx.profileinstaller:profileinstaller:1.3.1] AndroidManifest.xml:34:9-52:20
127            android:name="androidx.profileinstaller.ProfileInstallReceiver"
127-->[androidx.profileinstaller:profileinstaller:1.3.1] AndroidManifest.xml:35:13-76
128            android:directBootAware="false"
128-->[androidx.profileinstaller:profileinstaller:1.3.1] AndroidManifest.xml:36:13-44
129            android:enabled="true"
129-->[androidx.profileinstaller:profileinstaller:1.3.1] AndroidManifest.xml:37:13-35
130            android:exported="true"
130-->[androidx.profileinstaller:profileinstaller:1.3.1] AndroidManifest.xml:38:13-36
131            android:permission="android.permission.DUMP" >
131-->[androidx.profileinstaller:profileinstaller:1.3.1] AndroidManifest.xml:39:13-57
132            <intent-filter>
132-->[androidx.profileinstaller:profileinstaller:1.3.1] AndroidManifest.xml:40:13-42:29
133                <action android:name="androidx.profileinstaller.action.INSTALL_PROFILE" />
133-->[androidx.profileinstaller:profileinstaller:1.3.1] AndroidManifest.xml:41:17-91
133-->[androidx.profileinstaller:profileinstaller:1.3.1] AndroidManifest.xml:41:25-88
134            </intent-filter>
135            <intent-filter>
135-->[androidx.profileinstaller:profileinstaller:1.3.1] AndroidManifest.xml:43:13-45:29
136                <action android:name="androidx.profileinstaller.action.SKIP_FILE" />
136-->[androidx.profileinstaller:profileinstaller:1.3.1] AndroidManifest.xml:44:17-85
136-->[androidx.profileinstaller:profileinstaller:1.3.1] AndroidManifest.xml:44:25-82
137            </intent-filter>
138            <intent-filter>
138-->[androidx.profileinstaller:profileinstaller:1.3.1] AndroidManifest.xml:46:13-48:29
139                <action android:name="androidx.profileinstaller.action.SAVE_PROFILE" />
139-->[androidx.profileinstaller:profileinstaller:1.3.1] AndroidManifest.xml:47:17-88
139-->[androidx.profileinstaller:profileinstaller:1.3.1] AndroidManifest.xml:47:25-85
140            </intent-filter>
141            <intent-filter>
141-->[androidx.profileinstaller:profileinstaller:1.3.1] AndroidManifest.xml:49:13-51:29
142                <action android:name="androidx.profileinstaller.action.BENCHMARK_OPERATION" />
142-->[androidx.profileinstaller:profileinstaller:1.3.1] AndroidManifest.xml:50:17-95
142-->[androidx.profileinstaller:profileinstaller:1.3.1] AndroidManifest.xml:50:25-92
143            </intent-filter>
144        </receiver>
145    </application>
146
147</manifest>